0 info it worked if it ends with ok
1 verbose cli [ 'node', '/usr/local/bin/npm', 'publish' ]
2 info using npm@1.2.11
3 info using node@v0.8.20
4 verbose publish [ '.' ]
5 verbose read json /Users/mvolke/Documents/lamp/others/node-url-utils/package.json
6 error Failed to parse json
6 error Unexpected token c
7 error File: /Users/mvolke/Documents/lamp/others/node-url-utils/package.json
8 error Failed to parse package.json data.
8 error package.json must be actual JSON, not just JavaScript.
8 error
8 error This is not a bug in npm.
8 error Tell the package author to fix their package.json file. JSON.parse
9 error System Darwin 13.0.0
10 error command "node" "/usr/local/bin/npm" "publish"
11 error cwd /Users/mvolke/Documents/lamp/others/node-url-utils
12 error node -v v0.8.20
13 error npm -v 1.2.11
14 error file /Users/mvolke/Documents/lamp/others/node-url-utils/package.json
15 error code EJSONPARSE
16 verbose exit [ 1, true ]
